TN:
SF:src\controllers\BaseController.js
FN:4,BaseController
FN:7,validateStatus
FN:12,login
FN:23,get
FN:27,post
FN:31,delete
FNF:6
FNH:6
FNDA:2,BaseController
FNDA:91,validateStatus
FNDA:2,login
FNDA:39,get
FNDA:27,post
FNDA:23,delete
DA:1,1
DA:2,1
DA:3,1
DA:4,1
DA:5,2
DA:6,2
DA:7,2
DA:8,2
DA:9,2
DA:10,2
DA:11,1
DA:12,1
DA:13,2
DA:14,2
DA:15,2
DA:16,2
DA:17,2
DA:18,2
DA:19,2
DA:20,2
DA:21,2
DA:22,1
DA:23,1
DA:24,39
DA:25,39
DA:26,1
DA:27,1
DA:28,27
DA:29,27
DA:30,1
DA:31,1
DA:32,23
DA:33,23
DA:34,23
DA:35,23
DA:36,23
DA:37,1
DA:38,1
DA:39,1
LF:39
LH:39
BRDA:4,0,0,2
BRDA:7,1,0,91
BRDA:12,2,0,2
BRDA:23,3,0,39
BRDA:27,4,0,27
BRDA:31,5,0,23
BRF:6
BRH:6
end_of_record
TN:
SF:src\controllers\CarsController.js
FN:4,CarsController
FN:10,getCars
FN:14,createCar
FN:22,deleteCarById
FNF:4
FNH:4
FNDA:1,CarsController
FNDA:38,getCars
FNDA:27,createCar
FNDA:23,deleteCarById
DA:1,1
DA:2,1
DA:3,1
DA:4,1
DA:5,1
DA:6,1
DA:7,1
DA:8,1
DA:9,1
DA:10,1
DA:11,38
DA:12,38
DA:13,1
DA:14,1
DA:15,27
DA:16,27
DA:17,27
DA:18,27
DA:19,27
DA:20,27
DA:21,1
DA:22,1
DA:23,23
DA:24,23
DA:25,1
DA:26,1
DA:27,1
LF:27
LH:27
BRDA:4,0,0,1
BRDA:10,1,0,38
BRDA:14,2,0,27
BRDA:22,3,0,23
BRF:4
BRH:4
end_of_record
TN:
SF:src\controllers\UsersController.js
FN:4,UsersController
FN:10,getUserProfile
FN:14,getCurrentUser
FNF:3
FNH:2
FNDA:1,UsersController
FNDA:1,getUserProfile
FNDA:0,getCurrentUser
DA:1,1
DA:2,1
DA:3,1
DA:4,1
DA:5,1
DA:6,1
DA:7,1
DA:8,1
DA:9,1
DA:10,1
DA:11,1
DA:12,1
DA:13,1
DA:14,1
DA:15,0
DA:16,0
DA:17,1
DA:18,1
DA:19,1
LF:19
LH:17
BRDA:4,0,0,1
BRDA:10,1,0,1
BRF:2
BRH:2
end_of_record
